<?xml version="1.0" encoding="UTF-8"?>
<testsuite xmlns:xsi="http://www.w3.org/2001/XMLSchema-instance" xsi:noNamespaceSchemaLocation="https://maven.apache.org/surefire/maven-surefire-plugin/xsd/surefire-test-report.xsd" version="3.0.2" name="co.elastic.apm.opbeans.OpbeansApplicationTests" time="5.068" tests="1" errors="0" skipped="0" failures="0">
  <properties>
    <property name="java.specification.version" value="21"/>
    <property name="sun.jnu.encoding" value="UTF-8"/>
    <property name="java.class.path" value="/home/tushar/serversage_demo/serversage/opbeans/target/test-classes:/home/tushar/serversage_demo/serversage/opbeans/target/classes:/home/tushar/.m2/repository/co/elastic/apm/apm-agent-api/1.52.1/apm-agent-api-1.52.1.jar:/home/tushar/.m2/repository/org/springframework/boot/spring-boot-starter-tomcat/3.4.0/spring-boot-starter-tomcat-3.4.0.jar:/home/tushar/.m2/repository/jakarta/annotation/jakarta.annotation-api/2.1.1/jakarta.annotation-api-2.1.1.jar:/home/tushar/.m2/repository/org/apache/tomcat/embed/tomcat-embed-core/10.1.33/tomcat-embed-core-10.1.33.jar:/home/tushar/.m2/repository/org/apache/tomcat/embed/tomcat-embed-el/10.1.33/tomcat-embed-el-10.1.33.jar:/home/tushar/.m2/repository/org/apache/tomcat/embed/tomcat-embed-websocket/10.1.33/tomcat-embed-websocket-10.1.33.jar:/home/tushar/.m2/repository/io/opentelemetry/opentelemetry-api/1.44.1/opentelemetry-api-1.44.1.jar:/home/tushar/.m2/repository/io/opentelemetry/opentelemetry-context/1.44.1/opentelemetry-context-1.44.1.jar:/home/tushar/.m2/repository/io/opentelemetry/opentelemetry-sdk/1.44.1/opentelemetry-sdk-1.44.1.jar:/home/tushar/.m2/repository/io/opentelemetry/opentelemetry-sdk-common/1.44.1/opentelemetry-sdk-common-1.44.1.jar:/home/tushar/.m2/repository/io/opentelemetry/opentelemetry-sdk-trace/1.44.1/opentelemetry-sdk-trace-1.44.1.jar:/home/tushar/.m2/repository/io/opentelemetry/opentelemetry-sdk-metrics/1.44.1/opentelemetry-sdk-metrics-1.44.1.jar:/home/tushar/.m2/repository/io/opentelemetry/opentelemetry-sdk-logs/1.44.1/opentelemetry-sdk-logs-1.44.1.jar:/home/tushar/.m2/repository/io/opentelemetry/opentelemetry-sdk-extension-autoconfigure/1.44.1/opentelemetry-sdk-extension-autoconfigure-1.44.1.jar:/home/tushar/.m2/repository/io/opentelemetry/opentelemetry-sdk-extension-autoconfigure-spi/1.44.1/opentelemetry-sdk-extension-autoconfigure-spi-1.44.1.jar:/home/tushar/.m2/repository/io/opentelemetry/opentelemetry-api-incubator/1.44.1-alpha/opentelemetry-api-incubator-1.44.1-alpha.jar:/home/tushar/.m2/repository/io/opentelemetry/opentelemetry-exporter-otlp/1.44.1/opentelemetry-exporter-otlp-1.44.1.jar:/home/tushar/.m2/repository/io/opentelemetry/opentelemetry-exporter-otlp-common/1.44.1/opentelemetry-exporter-otlp-common-1.44.1.jar:/home/tushar/.m2/repository/io/opentelemetry/opentelemetry-exporter-common/1.44.1/opentelemetry-exporter-common-1.44.1.jar:/home/tushar/.m2/repository/io/opentelemetry/opentelemetry-exporter-sender-okhttp/1.44.1/opentelemetry-exporter-sender-okhttp-1.44.1.jar:/home/tushar/.m2/repository/com/squareup/okhttp3/okhttp/4.12.0/okhttp-4.12.0.jar:/home/tushar/.m2/repository/com/squareup/okio/okio/3.6.0/okio-3.6.0.jar:/home/tushar/.m2/repository/com/squareup/okio/okio-jvm/3.6.0/okio-jvm-3.6.0.jar:/home/tushar/.m2/repository/org/jetbrains/kotlin/kotlin-stdlib-common/2.0.21/kotlin-stdlib-common-2.0.21.jar:/home/tushar/.m2/repository/org/jetbrains/kotlin/kotlin-stdlib-jdk8/1.9.25/kotlin-stdlib-jdk8-1.9.25.jar:/home/tushar/.m2/repository/org/jetbrains/kotlin/kotlin-stdlib/2.0.21/kotlin-stdlib-2.0.21.jar:/home/tushar/.m2/repository/org/jetbrains/annotations/13.0/annotations-13.0.jar:/home/tushar/.m2/repository/org/jetbrains/kotlin/kotlin-stdlib-jdk7/1.9.25/kotlin-stdlib-jdk7-1.9.25.jar:/home/tushar/.m2/repository/co/elastic/logging/logback-ecs-encoder/1.6.0/logback-ecs-encoder-1.6.0.jar:/home/tushar/.m2/repository/co/elastic/logging/ecs-logging-core/1.6.0/ecs-logging-core-1.6.0.jar:/home/tushar/.m2/repository/org/springframework/boot/spring-boot-starter-data-jpa/3.4.0/spring-boot-starter-data-jpa-3.4.0.jar:/home/tushar/.m2/repository/org/springframework/boot/spring-boot-starter/3.4.0/spring-boot-starter-3.4.0.jar:/home/tushar/.m2/repository/org/springframework/boot/spring-boot/3.4.0/spring-boot-3.4.0.jar:/home/tushar/.m2/repository/org/springframework/boot/spring-boot-autoconfigure/3.4.0/spring-boot-autoconfigure-3.4.0.jar:/home/tushar/.m2/repository/org/springframework/boot/spring-boot-starter-logging/3.4.0/spring-boot-starter-logging-3.4.0.jar:/home/tushar/.m2/repository/ch/qos/logback/logback-classic/1.5.12/logback-classic-1.5.12.jar:/home/tushar/.m2/repository/ch/qos/logback/logback-core/1.5.12/logback-core-1.5.12.jar:/home/tushar/.m2/repository/org/apache/logging/log4j/log4j-to-slf4j/2.24.1/log4j-to-slf4j-2.24.1.jar:/home/tushar/.m2/repository/org/apache/logging/log4j/log4j-api/2.24.1/log4j-api-2.24.1.jar:/home/tushar/.m2/repository/org/slf4j/jul-to-slf4j/2.0.16/jul-to-slf4j-2.0.16.jar:/home/tushar/.m2/repository/org/yaml/snakeyaml/2.3/snakeyaml-2.3.jar:/home/tushar/.m2/repository/org/springframework/boot/spring-boot-starter-jdbc/3.4.0/spring-boot-starter-jdbc-3.4.0.jar:/home/tushar/.m2/repository/com/zaxxer/HikariCP/5.1.0/HikariCP-5.1.0.jar:/home/tushar/.m2/repository/org/springframework/spring-jdbc/6.2.0/spring-jdbc-6.2.0.jar:/home/tushar/.m2/repository/org/hibernate/orm/hibernate-core/6.6.2.Final/hibernate-core-6.6.2.Final.jar:/home/tushar/.m2/repository/jakarta/persistence/jakarta.persistence-api/3.1.0/jakarta.persistence-api-3.1.0.jar:/home/tushar/.m2/repository/jakarta/transaction/jakarta.transaction-api/2.0.1/jakarta.transaction-api-2.0.1.jar:/home/tushar/.m2/repository/org/jboss/logging/jboss-logging/3.6.1.Final/jboss-logging-3.6.1.Final.jar:/home/tushar/.m2/repository/org/hibernate/common/hibernate-commons-annotations/7.0.3.Final/hibernate-commons-annotations-7.0.3.Final.jar:/home/tushar/.m2/repository/io/smallrye/jandex/3.2.0/jandex-3.2.0.jar:/home/tushar/.m2/repository/com/fasterxml/classmate/1.7.0/classmate-1.7.0.jar:/home/tushar/.m2/repository/net/bytebuddy/byte-buddy/1.15.10/byte-buddy-1.15.10.jar:/home/tushar/.m2/repository/org/glassfish/jaxb/jaxb-runtime/4.0.5/jaxb-runtime-4.0.5.jar:/home/tushar/.m2/repository/org/glassfish/jaxb/jaxb-core/4.0.5/jaxb-core-4.0.5.jar:/home/tushar/.m2/repository/org/eclipse/angus/angus-activation/2.0.2/angus-activation-2.0.2.jar:/home/tushar/.m2/repository/org/glassfish/jaxb/txw2/4.0.5/txw2-4.0.5.jar:/home/tushar/.m2/repository/com/sun/istack/istack-commons-runtime/4.1.2/istack-commons-runtime-4.1.2.jar:/home/tushar/.m2/repository/jakarta/inject/jakarta.inject-api/2.0.1/jakarta.inject-api-2.0.1.jar:/home/tushar/.m2/repository/org/antlr/antlr4-runtime/4.13.0/antlr4-runtime-4.13.0.jar:/home/tushar/.m2/repository/org/springframework/data/spring-data-jpa/3.4.0/spring-data-jpa-3.4.0.jar:/home/tushar/.m2/repository/org/springframework/data/spring-data-commons/3.4.0/spring-data-commons-3.4.0.jar:/home/tushar/.m2/repository/org/springframework/spring-orm/6.2.0/spring-orm-6.2.0.jar:/home/tushar/.m2/repository/org/springframework/spring-context/6.2.0/spring-context-6.2.0.jar:/home/tushar/.m2/repository/org/springframework/spring-aop/6.2.0/spring-aop-6.2.0.jar:/home/tushar/.m2/repository/org/springframework/spring-tx/6.2.0/spring-tx-6.2.0.jar:/home/tushar/.m2/repository/org/springframework/spring-beans/6.2.0/spring-beans-6.2.0.jar:/home/tushar/.m2/repository/org/slf4j/slf4j-api/2.0.16/slf4j-api-2.0.16.jar:/home/tushar/.m2/repository/org/springframework/spring-aspects/6.2.0/spring-aspects-6.2.0.jar:/home/tushar/.m2/repository/org/aspectj/aspectjweaver/1.9.22.1/aspectjweaver-1.9.22.1.jar:/home/tushar/.m2/repository/org/springframework/boot/spring-boot-starter-jersey/3.4.0/spring-boot-starter-jersey-3.4.0.jar:/home/tushar/.m2/repository/org/springframework/boot/spring-boot-starter-json/3.4.0/spring-boot-starter-json-3.4.0.jar:/home/tushar/.m2/repository/com/fasterxml/jackson/core/jackson-databind/2.18.1/jackson-databind-2.18.1.jar:/home/tushar/.m2/repository/com/fasterxml/jackson/core/jackson-core/2.18.1/jackson-core-2.18.1.jar:/home/tushar/.m2/repository/com/fasterxml/jackson/datatype/jackson-datatype-jdk8/2.18.1/jackson-datatype-jdk8-2.18.1.jar:/home/tushar/.m2/repository/com/fasterxml/jackson/datatype/jackson-datatype-jsr310/2.18.1/jackson-datatype-jsr310-2.18.1.jar:/home/tushar/.m2/repository/com/fasterxml/jackson/module/jackson-module-parameter-names/2.18.1/jackson-module-parameter-names-2.18.1.jar:/home/tushar/.m2/repository/org/springframework/boot/spring-boot-starter-validation/3.4.0/spring-boot-starter-validation-3.4.0.jar:/home/tushar/.m2/repository/org/hibernate/validator/hibernate-validator/8.0.1.Final/hibernate-validator-8.0.1.Final.jar:/home/tushar/.m2/repository/org/springframework/spring-web/6.2.0/spring-web-6.2.0.jar:/home/tushar/.m2/repository/io/micrometer/micrometer-observation/1.14.1/micrometer-observation-1.14.1.jar:/home/tushar/.m2/repository/io/micrometer/micrometer-commons/1.14.1/micrometer-commons-1.14.1.jar:/home/tushar/.m2/repository/org/glassfish/jersey/containers/jersey-container-servlet-core/3.1.9/jersey-container-servlet-core-3.1.9.jar:/home/tushar/.m2/repository/org/glassfish/jersey/core/jersey-common/3.1.9/jersey-common-3.1.9.jar:/home/tushar/.m2/repository/org/glassfish/hk2/osgi-resource-locator/1.0.3/osgi-resource-locator-1.0.3.jar:/home/tushar/.m2/repository/jakarta/ws/rs/jakarta.ws.rs-api/3.1.0/jakarta.ws.rs-api-3.1.0.jar:/home/tushar/.m2/repository/org/glassfish/jersey/containers/jersey-container-servlet/3.1.9/jersey-container-servlet-3.1.9.jar:/home/tushar/.m2/repository/org/glassfish/jersey/core/jersey-server/3.1.9/jersey-server-3.1.9.jar:/home/tushar/.m2/repository/org/glassfish/jersey/core/jersey-client/3.1.9/jersey-client-3.1.9.jar:/home/tushar/.m2/repository/jakarta/validation/jakarta.validation-api/3.0.2/jakarta.validation-api-3.0.2.jar:/home/tushar/.m2/repository/org/glassfish/jersey/ext/jersey-bean-validation/3.1.9/jersey-bean-validation-3.1.9.jar:/home/tushar/.m2/repository/org/glassfish/expressly/expressly/5.0.0/expressly-5.0.0.jar:/home/tushar/.m2/repository/org/glassfish/jersey/ext/jersey-spring6/3.1.9/jersey-spring6-3.1.9.jar:/home/tushar/.m2/repository/org/glassfish/jersey/inject/jersey-hk2/3.1.9/jersey-hk2-3.1.9.jar:/home/tushar/.m2/repository/org/glassfish/hk2/hk2-locator/3.0.6/hk2-locator-3.0.6.jar:/home/tushar/.m2/repository/org/glassfish/hk2/external/aopalliance-repackaged/3.0.6/aopalliance-repackaged-3.0.6.jar:/home/tushar/.m2/repository/org/glassfish/hk2/hk2/3.0.6/hk2-3.0.6.jar:/home/tushar/.m2/repository/org/glassfish/hk2/hk2-utils/3.0.6/hk2-utils-3.0.6.jar:/home/tushar/.m2/repository/org/glassfish/hk2/hk2-api/3.0.6/hk2-api-3.0.6.jar:/home/tushar/.m2/repository/org/glassfish/hk2/hk2-core/3.0.6/hk2-core-3.0.6.jar:/home/tushar/.m2/repository/org/glassfish/hk2/hk2-runlevel/3.0.6/hk2-runlevel-3.0.6.jar:/home/tushar/.m2/repository/org/glassfish/hk2/class-model/3.0.6/class-model-3.0.6.jar:/home/tushar/.m2/repository/org/ow2/asm/asm-commons/9.6/asm-commons-9.6.jar:/home/tushar/.m2/repository/org/glassfish/hk2/spring-bridge/3.0.6/spring-bridge-3.0.6.jar:/home/tushar/.m2/repository/org/glassfish/jersey/media/jersey-media-json-jackson/3.1.9/jersey-media-json-jackson-3.1.9.jar:/home/tushar/.m2/repository/org/glassfish/jersey/ext/jersey-entity-filtering/3.1.9/jersey-entity-filtering-3.1.9.jar:/home/tushar/.m2/repository/com/fasterxml/jackson/core/jackson-annotations/2.18.1/jackson-annotations-2.18.1.jar:/home/tushar/.m2/repository/com/fasterxml/jackson/module/jackson-module-jakarta-xmlbind-annotations/2.18.1/jackson-module-jakarta-xmlbind-annotations-2.18.1.jar:/home/tushar/.m2/repository/org/springframework/boot/spring-boot-starter-web/3.4.0/spring-boot-starter-web-3.4.0.jar:/home/tushar/.m2/repository/org/springframework/spring-webmvc/6.2.0/spring-webmvc-6.2.0.jar:/home/tushar/.m2/repository/org/springframework/spring-expression/6.2.0/spring-expression-6.2.0.jar:/home/tushar/.m2/repository/org/postgresql/postgresql/42.7.4/postgresql-42.7.4.jar:/home/tushar/.m2/repository/org/checkerframework/checker-qual/3.42.0/checker-qual-3.42.0.jar:/home/tushar/.m2/repository/com/h2database/h2/2.3.232/h2-2.3.232.jar:/home/tushar/.m2/repository/jakarta/xml/bind/jakarta.xml.bind-api/4.0.2/jakarta.xml.bind-api-4.0.2.jar:/home/tushar/.m2/repository/jakarta/activation/jakarta.activation-api/2.1.3/jakarta.activation-api-2.1.3.jar:/home/tushar/.m2/repository/org/springframework/boot/spring-boot-starter-test/3.4.0/spring-boot-starter-test-3.4.0.jar:/home/tushar/.m2/repository/org/springframework/boot/spring-boot-test/3.4.0/spring-boot-test-3.4.0.jar:/home/tushar/.m2/repository/org/springframework/boot/spring-boot-test-autoconfigure/3.4.0/spring-boot-test-autoconfigure-3.4.0.jar:/home/tushar/.m2/repository/com/jayway/jsonpath/json-path/2.9.0/json-path-2.9.0.jar:/home/tushar/.m2/repository/net/minidev/json-smart/2.5.1/json-smart-2.5.1.jar:/home/tushar/.m2/repository/net/minidev/accessors-smart/2.5.1/accessors-smart-2.5.1.jar:/home/tushar/.m2/repository/org/ow2/asm/asm/9.6/asm-9.6.jar:/home/tushar/.m2/repository/org/assertj/assertj-core/3.26.3/assertj-core-3.26.3.jar:/home/tushar/.m2/repository/org/awaitility/awaitility/4.2.2/awaitility-4.2.2.jar:/home/tushar/.m2/repository/org/hamcrest/hamcrest/2.2/hamcrest-2.2.jar:/home/tushar/.m2/repository/org/junit/jupiter/junit-jupiter/5.11.3/junit-jupiter-5.11.3.jar:/home/tushar/.m2/repository/org/junit/jupiter/junit-jupiter-api/5.11.3/junit-jupiter-api-5.11.3.jar:/home/tushar/.m2/repository/org/opentest4j/opentest4j/1.3.0/opentest4j-1.3.0.jar:/home/tushar/.m2/repository/org/junit/platform/junit-platform-commons/1.11.3/junit-platform-commons-1.11.3.jar:/home/tushar/.m2/repository/org/apiguardian/apiguardian-api/1.1.2/apiguardian-api-1.1.2.jar:/home/tushar/.m2/repository/org/junit/jupiter/junit-jupiter-params/5.11.3/junit-jupiter-params-5.11.3.jar:/home/tushar/.m2/repository/org/junit/jupiter/junit-jupiter-engine/5.11.3/junit-jupiter-engine-5.11.3.jar:/home/tushar/.m2/repository/org/junit/platform/junit-platform-engine/1.11.3/junit-platform-engine-1.11.3.jar:/home/tushar/.m2/repository/org/mockito/mockito-core/5.14.2/mockito-core-5.14.2.jar:/home/tushar/.m2/repository/net/bytebuddy/byte-buddy-agent/1.15.10/byte-buddy-agent-1.15.10.jar:/home/tushar/.m2/repository/org/objenesis/objenesis/3.3/objenesis-3.3.jar:/home/tushar/.m2/repository/org/mockito/mockito-junit-jupiter/5.14.2/mockito-junit-jupiter-5.14.2.jar:/home/tushar/.m2/repository/org/skyscreamer/jsonassert/1.5.3/jsonassert-1.5.3.jar:/home/tushar/.m2/repository/com/vaadin/external/google/android-json/0.0.20131108.vaadin1/android-json-0.0.20131108.vaadin1.jar:/home/tushar/.m2/repository/org/springframework/spring-core/6.2.0/spring-core-6.2.0.jar:/home/tushar/.m2/repository/org/springframework/spring-jcl/6.2.0/spring-jcl-6.2.0.jar:/home/tushar/.m2/repository/org/springframework/spring-test/6.2.0/spring-test-6.2.0.jar:/home/tushar/.m2/repository/org/xmlunit/xmlunit-core/2.10.0/xmlunit-core-2.10.0.jar:/home/tushar/.m2/repository/org/javassist/javassist/3.30.2-GA/javassist-3.30.2-GA.jar:"/>
    <property name="java.vm.vendor" value="Ubuntu"/>
    <property name="sun.arch.data.model" value="64"/>
    <property name="java.vendor.url" value="https://ubuntu.com/"/>
    <property name="user.timezone" value="Asia/Kolkata"/>
    <property name="org.jboss.logging.provider" value="slf4j"/>
    <property name="os.name" value="Linux"/>
    <property name="java.vm.specification.version" value="21"/>
    <property name="sun.java.launcher" value="SUN_STANDARD"/>
    <property name="user.country" value="US"/>
    <property name="sun.boot.library.path" value="/usr/lib/jvm/java-21-openjdk-amd64/lib"/>
    <property name="sun.java.command" value="/home/tushar/serversage_demo/serversage/opbeans/target/surefire/surefirebooter-20241210190244608_3.jar /home/tushar/serversage_demo/serversage/opbeans/target/surefire 2024-12-10T19-02-44_543-jvmRun1 surefire-20241210190244608_1tmp surefire_0-20241210190244608_2tmp"/>
    <property name="jdk.debug" value="release"/>
    <property name="surefire.test.class.path" value="/home/tushar/serversage_demo/serversage/opbeans/target/test-classes:/home/tushar/serversage_demo/serversage/opbeans/target/classes:/home/tushar/.m2/repository/co/elastic/apm/apm-agent-api/1.52.1/apm-agent-api-1.52.1.jar:/home/tushar/.m2/repository/org/springframework/boot/spring-boot-starter-tomcat/3.4.0/spring-boot-starter-tomcat-3.4.0.jar:/home/tushar/.m2/repository/jakarta/annotation/jakarta.annotation-api/2.1.1/jakarta.annotation-api-2.1.1.jar:/home/tushar/.m2/repository/org/apache/tomcat/embed/tomcat-embed-core/10.1.33/tomcat-embed-core-10.1.33.jar:/home/tushar/.m2/repository/org/apache/tomcat/embed/tomcat-embed-el/10.1.33/tomcat-embed-el-10.1.33.jar:/home/tushar/.m2/repository/org/apache/tomcat/embed/tomcat-embed-websocket/10.1.33/tomcat-embed-websocket-10.1.33.jar:/home/tushar/.m2/repository/io/opentelemetry/opentelemetry-api/1.44.1/opentelemetry-api-1.44.1.jar:/home/tushar/.m2/repository/io/opentelemetry/opentelemetry-context/1.44.1/opentelemetry-context-1.44.1.jar:/home/tushar/.m2/repository/io/opentelemetry/opentelemetry-sdk/1.44.1/opentelemetry-sdk-1.44.1.jar:/home/tushar/.m2/repository/io/opentelemetry/opentelemetry-sdk-common/1.44.1/opentelemetry-sdk-common-1.44.1.jar:/home/tushar/.m2/repository/io/opentelemetry/opentelemetry-sdk-trace/1.44.1/opentelemetry-sdk-trace-1.44.1.jar:/home/tushar/.m2/repository/io/opentelemetry/opentelemetry-sdk-metrics/1.44.1/opentelemetry-sdk-metrics-1.44.1.jar:/home/tushar/.m2/repository/io/opentelemetry/opentelemetry-sdk-logs/1.44.1/opentelemetry-sdk-logs-1.44.1.jar:/home/tushar/.m2/repository/io/opentelemetry/opentelemetry-sdk-extension-autoconfigure/1.44.1/opentelemetry-sdk-extension-autoconfigure-1.44.1.jar:/home/tushar/.m2/repository/io/opentelemetry/opentelemetry-sdk-extension-autoconfigure-spi/1.44.1/opentelemetry-sdk-extension-autoconfigure-spi-1.44.1.jar:/home/tushar/.m2/repository/io/opentelemetry/opentelemetry-api-incubator/1.44.1-alpha/opentelemetry-api-incubator-1.44.1-alpha.jar:/home/tushar/.m2/repository/io/opentelemetry/opentelemetry-exporter-otlp/1.44.1/opentelemetry-exporter-otlp-1.44.1.jar:/home/tushar/.m2/repository/io/opentelemetry/opentelemetry-exporter-otlp-common/1.44.1/opentelemetry-exporter-otlp-common-1.44.1.jar:/home/tushar/.m2/repository/io/opentelemetry/opentelemetry-exporter-common/1.44.1/opentelemetry-exporter-common-1.44.1.jar:/home/tushar/.m2/repository/io/opentelemetry/opentelemetry-exporter-sender-okhttp/1.44.1/opentelemetry-exporter-sender-okhttp-1.44.1.jar:/home/tushar/.m2/repository/com/squareup/okhttp3/okhttp/4.12.0/okhttp-4.12.0.jar:/home/tushar/.m2/repository/com/squareup/okio/okio/3.6.0/okio-3.6.0.jar:/home/tushar/.m2/repository/com/squareup/okio/okio-jvm/3.6.0/okio-jvm-3.6.0.jar:/home/tushar/.m2/repository/org/jetbrains/kotlin/kotlin-stdlib-common/2.0.21/kotlin-stdlib-common-2.0.21.jar:/home/tushar/.m2/repository/org/jetbrains/kotlin/kotlin-stdlib-jdk8/1.9.25/kotlin-stdlib-jdk8-1.9.25.jar:/home/tushar/.m2/repository/org/jetbrains/kotlin/kotlin-stdlib/2.0.21/kotlin-stdlib-2.0.21.jar:/home/tushar/.m2/repository/org/jetbrains/annotations/13.0/annotations-13.0.jar:/home/tushar/.m2/repository/org/jetbrains/kotlin/kotlin-stdlib-jdk7/1.9.25/kotlin-stdlib-jdk7-1.9.25.jar:/home/tushar/.m2/repository/co/elastic/logging/logback-ecs-encoder/1.6.0/logback-ecs-encoder-1.6.0.jar:/home/tushar/.m2/repository/co/elastic/logging/ecs-logging-core/1.6.0/ecs-logging-core-1.6.0.jar:/home/tushar/.m2/repository/org/springframework/boot/spring-boot-starter-data-jpa/3.4.0/spring-boot-starter-data-jpa-3.4.0.jar:/home/tushar/.m2/repository/org/springframework/boot/spring-boot-starter/3.4.0/spring-boot-starter-3.4.0.jar:/home/tushar/.m2/repository/org/springframework/boot/spring-boot/3.4.0/spring-boot-3.4.0.jar:/home/tushar/.m2/repository/org/springframework/boot/spring-boot-autoconfigure/3.4.0/spring-boot-autoconfigure-3.4.0.jar:/home/tushar/.m2/repository/org/springframework/boot/spring-boot-starter-logging/3.4.0/spring-boot-starter-logging-3.4.0.jar:/home/tushar/.m2/repository/ch/qos/logback/logback-classic/1.5.12/logback-classic-1.5.12.jar:/home/tushar/.m2/repository/ch/qos/logback/logback-core/1.5.12/logback-core-1.5.12.jar:/home/tushar/.m2/repository/org/apache/logging/log4j/log4j-to-slf4j/2.24.1/log4j-to-slf4j-2.24.1.jar:/home/tushar/.m2/repository/org/apache/logging/log4j/log4j-api/2.24.1/log4j-api-2.24.1.jar:/home/tushar/.m2/repository/org/slf4j/jul-to-slf4j/2.0.16/jul-to-slf4j-2.0.16.jar:/home/tushar/.m2/repository/org/yaml/snakeyaml/2.3/snakeyaml-2.3.jar:/home/tushar/.m2/repository/org/springframework/boot/spring-boot-starter-jdbc/3.4.0/spring-boot-starter-jdbc-3.4.0.jar:/home/tushar/.m2/repository/com/zaxxer/HikariCP/5.1.0/HikariCP-5.1.0.jar:/home/tushar/.m2/repository/org/springframework/spring-jdbc/6.2.0/spring-jdbc-6.2.0.jar:/home/tushar/.m2/repository/org/hibernate/orm/hibernate-core/6.6.2.Final/hibernate-core-6.6.2.Final.jar:/home/tushar/.m2/repository/jakarta/persistence/jakarta.persistence-api/3.1.0/jakarta.persistence-api-3.1.0.jar:/home/tushar/.m2/repository/jakarta/transaction/jakarta.transaction-api/2.0.1/jakarta.transaction-api-2.0.1.jar:/home/tushar/.m2/repository/org/jboss/logging/jboss-logging/3.6.1.Final/jboss-logging-3.6.1.Final.jar:/home/tushar/.m2/repository/org/hibernate/common/hibernate-commons-annotations/7.0.3.Final/hibernate-commons-annotations-7.0.3.Final.jar:/home/tushar/.m2/repository/io/smallrye/jandex/3.2.0/jandex-3.2.0.jar:/home/tushar/.m2/repository/com/fasterxml/classmate/1.7.0/classmate-1.7.0.jar:/home/tushar/.m2/repository/net/bytebuddy/byte-buddy/1.15.10/byte-buddy-1.15.10.jar:/home/tushar/.m2/repository/org/glassfish/jaxb/jaxb-runtime/4.0.5/jaxb-runtime-4.0.5.jar:/home/tushar/.m2/repository/org/glassfish/jaxb/jaxb-core/4.0.5/jaxb-core-4.0.5.jar:/home/tushar/.m2/repository/org/eclipse/angus/angus-activation/2.0.2/angus-activation-2.0.2.jar:/home/tushar/.m2/repository/org/glassfish/jaxb/txw2/4.0.5/txw2-4.0.5.jar:/home/tushar/.m2/repository/com/sun/istack/istack-commons-runtime/4.1.2/istack-commons-runtime-4.1.2.jar:/home/tushar/.m2/repository/jakarta/inject/jakarta.inject-api/2.0.1/jakarta.inject-api-2.0.1.jar:/home/tushar/.m2/repository/org/antlr/antlr4-runtime/4.13.0/antlr4-runtime-4.13.0.jar:/home/tushar/.m2/repository/org/springframework/data/spring-data-jpa/3.4.0/spring-data-jpa-3.4.0.jar:/home/tushar/.m2/repository/org/springframework/data/spring-data-commons/3.4.0/spring-data-commons-3.4.0.jar:/home/tushar/.m2/repository/org/springframework/spring-orm/6.2.0/spring-orm-6.2.0.jar:/home/tushar/.m2/repository/org/springframework/spring-context/6.2.0/spring-context-6.2.0.jar:/home/tushar/.m2/repository/org/springframework/spring-aop/6.2.0/spring-aop-6.2.0.jar:/home/tushar/.m2/repository/org/springframework/spring-tx/6.2.0/spring-tx-6.2.0.jar:/home/tushar/.m2/repository/org/springframework/spring-beans/6.2.0/spring-beans-6.2.0.jar:/home/tushar/.m2/repository/org/slf4j/slf4j-api/2.0.16/slf4j-api-2.0.16.jar:/home/tushar/.m2/repository/org/springframework/spring-aspects/6.2.0/spring-aspects-6.2.0.jar:/home/tushar/.m2/repository/org/aspectj/aspectjweaver/1.9.22.1/aspectjweaver-1.9.22.1.jar:/home/tushar/.m2/repository/org/springframework/boot/spring-boot-starter-jersey/3.4.0/spring-boot-starter-jersey-3.4.0.jar:/home/tushar/.m2/repository/org/springframework/boot/spring-boot-starter-json/3.4.0/spring-boot-starter-json-3.4.0.jar:/home/tushar/.m2/repository/com/fasterxml/jackson/core/jackson-databind/2.18.1/jackson-databind-2.18.1.jar:/home/tushar/.m2/repository/com/fasterxml/jackson/core/jackson-core/2.18.1/jackson-core-2.18.1.jar:/home/tushar/.m2/repository/com/fasterxml/jackson/datatype/jackson-datatype-jdk8/2.18.1/jackson-datatype-jdk8-2.18.1.jar:/home/tushar/.m2/repository/com/fasterxml/jackson/datatype/jackson-datatype-jsr310/2.18.1/jackson-datatype-jsr310-2.18.1.jar:/home/tushar/.m2/repository/com/fasterxml/jackson/module/jackson-module-parameter-names/2.18.1/jackson-module-parameter-names-2.18.1.jar:/home/tushar/.m2/repository/org/springframework/boot/spring-boot-starter-validation/3.4.0/spring-boot-starter-validation-3.4.0.jar:/home/tushar/.m2/repository/org/hibernate/validator/hibernate-validator/8.0.1.Final/hibernate-validator-8.0.1.Final.jar:/home/tushar/.m2/repository/org/springframework/spring-web/6.2.0/spring-web-6.2.0.jar:/home/tushar/.m2/repository/io/micrometer/micrometer-observation/1.14.1/micrometer-observation-1.14.1.jar:/home/tushar/.m2/repository/io/micrometer/micrometer-commons/1.14.1/micrometer-commons-1.14.1.jar:/home/tushar/.m2/repository/org/glassfish/jersey/containers/jersey-container-servlet-core/3.1.9/jersey-container-servlet-core-3.1.9.jar:/home/tushar/.m2/repository/org/glassfish/jersey/core/jersey-common/3.1.9/jersey-common-3.1.9.jar:/home/tushar/.m2/repository/org/glassfish/hk2/osgi-resource-locator/1.0.3/osgi-resource-locator-1.0.3.jar:/home/tushar/.m2/repository/jakarta/ws/rs/jakarta.ws.rs-api/3.1.0/jakarta.ws.rs-api-3.1.0.jar:/home/tushar/.m2/repository/org/glassfish/jersey/containers/jersey-container-servlet/3.1.9/jersey-container-servlet-3.1.9.jar:/home/tushar/.m2/repository/org/glassfish/jersey/core/jersey-server/3.1.9/jersey-server-3.1.9.jar:/home/tushar/.m2/repository/org/glassfish/jersey/core/jersey-client/3.1.9/jersey-client-3.1.9.jar:/home/tushar/.m2/repository/jakarta/validation/jakarta.validation-api/3.0.2/jakarta.validation-api-3.0.2.jar:/home/tushar/.m2/repository/org/glassfish/jersey/ext/jersey-bean-validation/3.1.9/jersey-bean-validation-3.1.9.jar:/home/tushar/.m2/repository/org/glassfish/expressly/expressly/5.0.0/expressly-5.0.0.jar:/home/tushar/.m2/repository/org/glassfish/jersey/ext/jersey-spring6/3.1.9/jersey-spring6-3.1.9.jar:/home/tushar/.m2/repository/org/glassfish/jersey/inject/jersey-hk2/3.1.9/jersey-hk2-3.1.9.jar:/home/tushar/.m2/repository/org/glassfish/hk2/hk2-locator/3.0.6/hk2-locator-3.0.6.jar:/home/tushar/.m2/repository/org/glassfish/hk2/external/aopalliance-repackaged/3.0.6/aopalliance-repackaged-3.0.6.jar:/home/tushar/.m2/repository/org/glassfish/hk2/hk2/3.0.6/hk2-3.0.6.jar:/home/tushar/.m2/repository/org/glassfish/hk2/hk2-utils/3.0.6/hk2-utils-3.0.6.jar:/home/tushar/.m2/repository/org/glassfish/hk2/hk2-api/3.0.6/hk2-api-3.0.6.jar:/home/tushar/.m2/repository/org/glassfish/hk2/hk2-core/3.0.6/hk2-core-3.0.6.jar:/home/tushar/.m2/repository/org/glassfish/hk2/hk2-runlevel/3.0.6/hk2-runlevel-3.0.6.jar:/home/tushar/.m2/repository/org/glassfish/hk2/class-model/3.0.6/class-model-3.0.6.jar:/home/tushar/.m2/repository/org/ow2/asm/asm-commons/9.6/asm-commons-9.6.jar:/home/tushar/.m2/repository/org/glassfish/hk2/spring-bridge/3.0.6/spring-bridge-3.0.6.jar:/home/tushar/.m2/repository/org/glassfish/jersey/media/jersey-media-json-jackson/3.1.9/jersey-media-json-jackson-3.1.9.jar:/home/tushar/.m2/repository/org/glassfish/jersey/ext/jersey-entity-filtering/3.1.9/jersey-entity-filtering-3.1.9.jar:/home/tushar/.m2/repository/com/fasterxml/jackson/core/jackson-annotations/2.18.1/jackson-annotations-2.18.1.jar:/home/tushar/.m2/repository/com/fasterxml/jackson/module/jackson-module-jakarta-xmlbind-annotations/2.18.1/jackson-module-jakarta-xmlbind-annotations-2.18.1.jar:/home/tushar/.m2/repository/org/springframework/boot/spring-boot-starter-web/3.4.0/spring-boot-starter-web-3.4.0.jar:/home/tushar/.m2/repository/org/springframework/spring-webmvc/6.2.0/spring-webmvc-6.2.0.jar:/home/tushar/.m2/repository/org/springframework/spring-expression/6.2.0/spring-expression-6.2.0.jar:/home/tushar/.m2/repository/org/postgresql/postgresql/42.7.4/postgresql-42.7.4.jar:/home/tushar/.m2/repository/org/checkerframework/checker-qual/3.42.0/checker-qual-3.42.0.jar:/home/tushar/.m2/repository/com/h2database/h2/2.3.232/h2-2.3.232.jar:/home/tushar/.m2/repository/jakarta/xml/bind/jakarta.xml.bind-api/4.0.2/jakarta.xml.bind-api-4.0.2.jar:/home/tushar/.m2/repository/jakarta/activation/jakarta.activation-api/2.1.3/jakarta.activation-api-2.1.3.jar:/home/tushar/.m2/repository/org/springframework/boot/spring-boot-starter-test/3.4.0/spring-boot-starter-test-3.4.0.jar:/home/tushar/.m2/repository/org/springframework/boot/spring-boot-test/3.4.0/spring-boot-test-3.4.0.jar:/home/tushar/.m2/repository/org/springframework/boot/spring-boot-test-autoconfigure/3.4.0/spring-boot-test-autoconfigure-3.4.0.jar:/home/tushar/.m2/repository/com/jayway/jsonpath/json-path/2.9.0/json-path-2.9.0.jar:/home/tushar/.m2/repository/net/minidev/json-smart/2.5.1/json-smart-2.5.1.jar:/home/tushar/.m2/repository/net/minidev/accessors-smart/2.5.1/accessors-smart-2.5.1.jar:/home/tushar/.m2/repository/org/ow2/asm/asm/9.6/asm-9.6.jar:/home/tushar/.m2/repository/org/assertj/assertj-core/3.26.3/assertj-core-3.26.3.jar:/home/tushar/.m2/repository/org/awaitility/awaitility/4.2.2/awaitility-4.2.2.jar:/home/tushar/.m2/repository/org/hamcrest/hamcrest/2.2/hamcrest-2.2.jar:/home/tushar/.m2/repository/org/junit/jupiter/junit-jupiter/5.11.3/junit-jupiter-5.11.3.jar:/home/tushar/.m2/repository/org/junit/jupiter/junit-jupiter-api/5.11.3/junit-jupiter-api-5.11.3.jar:/home/tushar/.m2/repository/org/opentest4j/opentest4j/1.3.0/opentest4j-1.3.0.jar:/home/tushar/.m2/repository/org/junit/platform/junit-platform-commons/1.11.3/junit-platform-commons-1.11.3.jar:/home/tushar/.m2/repository/org/apiguardian/apiguardian-api/1.1.2/apiguardian-api-1.1.2.jar:/home/tushar/.m2/repository/org/junit/jupiter/junit-jupiter-params/5.11.3/junit-jupiter-params-5.11.3.jar:/home/tushar/.m2/repository/org/junit/jupiter/junit-jupiter-engine/5.11.3/junit-jupiter-engine-5.11.3.jar:/home/tushar/.m2/repository/org/junit/platform/junit-platform-engine/1.11.3/junit-platform-engine-1.11.3.jar:/home/tushar/.m2/repository/org/mockito/mockito-core/5.14.2/mockito-core-5.14.2.jar:/home/tushar/.m2/repository/net/bytebuddy/byte-buddy-agent/1.15.10/byte-buddy-agent-1.15.10.jar:/home/tushar/.m2/repository/org/objenesis/objenesis/3.3/objenesis-3.3.jar:/home/tushar/.m2/repository/org/mockito/mockito-junit-jupiter/5.14.2/mockito-junit-jupiter-5.14.2.jar:/home/tushar/.m2/repository/org/skyscreamer/jsonassert/1.5.3/jsonassert-1.5.3.jar:/home/tushar/.m2/repository/com/vaadin/external/google/android-json/0.0.20131108.vaadin1/android-json-0.0.20131108.vaadin1.jar:/home/tushar/.m2/repository/org/springframework/spring-core/6.2.0/spring-core-6.2.0.jar:/home/tushar/.m2/repository/org/springframework/spring-jcl/6.2.0/spring-jcl-6.2.0.jar:/home/tushar/.m2/repository/org/springframework/spring-test/6.2.0/spring-test-6.2.0.jar:/home/tushar/.m2/repository/org/xmlunit/xmlunit-core/2.10.0/xmlunit-core-2.10.0.jar:/home/tushar/.m2/repository/org/javassist/javassist/3.30.2-GA/javassist-3.30.2-GA.jar:"/>
    <property name="sun.cpu.endian" value="little"/>
    <property name="user.home" value="/home/tushar"/>
    <property name="user.language" value="en"/>
    <property name="java.specification.vendor" value="Oracle Corporation"/>
    <property name="java.version.date" value="2024-10-15"/>
    <property name="java.home" value="/usr/lib/jvm/java-21-openjdk-amd64"/>
    <property name="file.separator" value="/"/>
    <property name="basedir" value="/home/tushar/serversage_demo/serversage/opbeans"/>
    <property name="java.vm.compressedOopsMode" value="Zero based"/>
    <property name="line.separator" value="&#10;"/>
    <property name="java.vm.specification.vendor" value="Oracle Corporation"/>
    <property name="java.specification.name" value="Java Platform API Specification"/>
    <property name="FILE_LOG_CHARSET" value="UTF-8"/>
    <property name="java.awt.headless" value="true"/>
    <property name="surefire.real.class.path" value="/home/tushar/serversage_demo/serversage/opbeans/target/surefire/surefirebooter-20241210190244608_3.jar"/>
    <property name="sun.management.compiler" value="HotSpot 64-Bit Tiered Compilers"/>
    <property name="java.runtime.version" value="21.0.5+11-Ubuntu-1ubuntu122.04"/>
    <property name="user.name" value="tushar"/>
    <property name="stdout.encoding" value="UTF-8"/>
    <property name="path.separator" value=":"/>
    <property name="os.version" value="6.8.0-49-generic"/>
    <property name="java.runtime.name" value="OpenJDK Runtime Environment"/>
    <property name="file.encoding" value="UTF-8"/>
    <property name="java.vm.name" value="OpenJDK 64-Bit Server VM"/>
    <property name="localRepository" value="/home/tushar/.m2/repository"/>
    <property name="java.vendor.url.bug" value="https://bugs.launchpad.net/ubuntu/+source/openjdk-21"/>
    <property name="java.io.tmpdir" value="/tmp"/>
    <property name="com.zaxxer.hikari.pool_number" value="1"/>
    <property name="java.version" value="21.0.5"/>
    <property name="user.dir" value="/home/tushar/serversage_demo/serversage/opbeans"/>
    <property name="os.arch" value="amd64"/>
    <property name="java.vm.specification.name" value="Java Virtual Machine Specification"/>
    <property name="PID" value="131291"/>
    <property name="CONSOLE_LOG_CHARSET" value="UTF-8"/>
    <property name="native.encoding" value="UTF-8"/>
    <property name="java.library.path" value="/usr/java/packages/lib:/usr/lib/x86_64-linux-gnu/jni:/lib/x86_64-linux-gnu:/usr/lib/x86_64-linux-gnu:/usr/lib/jni:/lib:/usr/lib"/>
    <property name="java.vm.info" value="mixed mode, sharing"/>
    <property name="stderr.encoding" value="UTF-8"/>
    <property name="java.vendor" value="Ubuntu"/>
    <property name="java.vm.version" value="21.0.5+11-Ubuntu-1ubuntu122.04"/>
    <property name="sun.io.unicode.encoding" value="UnicodeLittle"/>
    <property name="java.class.version" value="65.0"/>
  </properties>
  <testcase name="databasePopulated" classname="co.elastic.apm.opbeans.OpbeansApplicationTests" time="0.482">
    <system-out><![CDATA[{"@timestamp":"2024-12-10T13:32:45.275Z","log.level": "INFO","message":"Could not detect default configuration classes for test class [co.elastic.apm.opbeans.OpbeansApplicationTests]: OpbeansApplicationTests does not declare any static, non-private, non-final, nested classes annotated with @Configuration.","ecs.version": "1.2.0","service.name":"opbeans-java","event.dataset":"opbeans-java","process.thread.name":"main","log.logger":"org.springframework.test.context.support.AnnotationConfigContextLoaderUtils"}
{"@timestamp":"2024-12-10T13:32:45.391Z","log.level": "INFO","message":"Found @SpringBootConfiguration co.elastic.apm.opbeans.OpbeansApplication for test class co.elastic.apm.opbeans.OpbeansApplicationTests","ecs.version": "1.2.0","service.name":"opbeans-java","event.dataset":"opbeans-java","process.thread.name":"main","log.logger":"org.springframework.boot.test.context.SpringBootTestContextBootstrapper"}

  .   ____          _            __ _ _
 /\\ / ___'_ __ _ _(_)_ __  __ _ \ \ \ \
( ( )\___ | '_ | '_| | '_ \/ _` | \ \ \ \
 \\/  ___)| |_)| | | | | || (_| |  ) ) ) )
  '  |____| .__|_| |_|_| |_\__, | / / / /
 =========|_|==============|___/=/_/_/_/

 :: Spring Boot ::                (v3.4.0)

{"@timestamp":"2024-12-10T13:32:45.718Z","log.level": "INFO","message":"Starting OpbeansApplicationTests using Java 21.0.5 with PID 131291 (started by tushar in /home/tushar/serversage_demo/serversage/opbeans)","ecs.version": "1.2.0","service.name":"opbeans-java","event.dataset":"opbeans-java","process.thread.name":"main","log.logger":"co.elastic.apm.opbeans.OpbeansApplicationTests"}
{"@timestamp":"2024-12-10T13:32:45.719Z","log.level": "INFO","message":"No active profile set, falling back to 1 default profile: \"default\"","ecs.version": "1.2.0","service.name":"opbeans-java","event.dataset":"opbeans-java","process.thread.name":"main","log.logger":"co.elastic.apm.opbeans.OpbeansApplicationTests"}
{"@timestamp":"2024-12-10T13:32:46.269Z","log.level": "INFO","message":"Bootstrapping Spring Data JPA repositories in DEFAULT mode.","ecs.version": "1.2.0","service.name":"opbeans-java","event.dataset":"opbeans-java","process.thread.name":"main","log.logger":"org.springframework.data.repository.config.RepositoryConfigurationDelegate"}
{"@timestamp":"2024-12-10T13:32:46.327Z","log.level": "INFO","message":"Finished Spring Data repository scanning in 46 ms. Found 3 JPA repository interfaces.","ecs.version": "1.2.0","service.name":"opbeans-java","event.dataset":"opbeans-java","process.thread.name":"main","log.logger":"org.springframework.data.repository.config.RepositoryConfigurationDelegate"}
{"@timestamp":"2024-12-10T13:32:46.566Z","log.level": "INFO","message":"HikariPool-1 - Starting...","ecs.version": "1.2.0","service.name":"opbeans-java","event.dataset":"opbeans-java","process.thread.name":"main","log.logger":"com.zaxxer.hikari.HikariDataSource"}
{"@timestamp":"2024-12-10T13:32:46.696Z","log.level": "INFO","message":"HikariPool-1 - Added connection conn0: url=jdbc:h2:mem:opbeans user=SA","ecs.version": "1.2.0","service.name":"opbeans-java","event.dataset":"opbeans-java","process.thread.name":"main","log.logger":"com.zaxxer.hikari.pool.HikariPool"}
{"@timestamp":"2024-12-10T13:32:46.697Z","log.level": "INFO","message":"HikariPool-1 - Start completed.","ecs.version": "1.2.0","service.name":"opbeans-java","event.dataset":"opbeans-java","process.thread.name":"main","log.logger":"com.zaxxer.hikari.HikariDataSource"}
{"@timestamp":"2024-12-10T13:32:47.636Z","log.level": "INFO","message":"HHH000204: Processing PersistenceUnitInfo [name: default]","ecs.version": "1.2.0","service.name":"opbeans-java","event.dataset":"opbeans-java","process.thread.name":"main","log.logger":"org.hibernate.jpa.internal.util.LogHelper"}
{"@timestamp":"2024-12-10T13:32:47.673Z","log.level": "INFO","message":"HHH000412: Hibernate ORM core version 6.6.2.Final","ecs.version": "1.2.0","service.name":"opbeans-java","event.dataset":"opbeans-java","process.thread.name":"main","log.logger":"org.hibernate.Version"}
{"@timestamp":"2024-12-10T13:32:47.694Z","log.level": "INFO","message":"HHH000026: Second-level cache disabled","ecs.version": "1.2.0","service.name":"opbeans-java","event.dataset":"opbeans-java","process.thread.name":"main","log.logger":"org.hibernate.cache.internal.RegionFactoryInitiator"}
{"@timestamp":"2024-12-10T13:32:47.864Z","log.level": "INFO","message":"No LoadTimeWeaver setup: ignoring JPA class transformer","ecs.version": "1.2.0","service.name":"opbeans-java","event.dataset":"opbeans-java","process.thread.name":"main","log.logger":"org.springframework.orm.jpa.persistenceunit.SpringPersistenceUnitInfo"}
{"@timestamp":"2024-12-10T13:32:47.894Z","log.level": "WARN","message":"HHH90000025: H2Dialect does not need to be specified explicitly using 'hibernate.dialect' (remove the property setting and it will be selected by default)","ecs.version": "1.2.0","service.name":"opbeans-java","event.dataset":"opbeans-java","process.thread.name":"main","log.logger":"org.hibernate.orm.deprecation"}
{"@timestamp":"2024-12-10T13:32:47.905Z","log.level": "INFO","message":"HHH10001005: Database info:\n\tDatabase JDBC URL [Connecting through datasource 'HikariDataSource (HikariPool-1)']\n\tDatabase driver: undefined/unknown\n\tDatabase version: 2.3.232\n\tAutocommit mode: undefined/unknown\n\tIsolation level: undefined/unknown\n\tMinimum pool size: undefined/unknown\n\tMaximum pool size: undefined/unknown","ecs.version": "1.2.0","service.name":"opbeans-java","event.dataset":"opbeans-java","process.thread.name":"main","log.logger":"org.hibernate.orm.connections.pooling"}
{"@timestamp":"2024-12-10T13:32:48.512Z","log.level": "INFO","message":"HHH000489: No JTA platform available (set 'hibernate.transaction.jta.platform' to enable JTA platform integration)","ecs.version": "1.2.0","service.name":"opbeans-java","event.dataset":"opbeans-java","process.thread.name":"main","log.logger":"org.hibernate.engine.transaction.jta.platform.internal.JtaPlatformInitiator"}
{"@timestamp":"2024-12-10T13:32:48.514Z","log.level": "INFO","message":"Initialized JPA EntityManagerFactory for persistence unit 'default'","ecs.version": "1.2.0","service.name":"opbeans-java","event.dataset":"opbeans-java","process.thread.name":"main","log.logger":"org.springframework.orm.jpa.LocalContainerEntityManagerFactoryBean"}
{"@timestamp":"2024-12-10T13:32:48.676Z","log.level": "INFO","message":"Hibernate is in classpath; If applicable, HQL parser will be used.","ecs.version": "1.2.0","service.name":"opbeans-java","event.dataset":"opbeans-java","process.thread.name":"main","log.logger":"org.springframework.data.jpa.repository.query.QueryEnhancerFactory"}
{"@timestamp":"2024-12-10T13:32:49.297Z","log.level": "INFO","message":"AutoConfiguredOpenTelemetrySdk found on classpath but automatic configuration is disabled. To enable, run your JVM with -Dotel.java.global-autoconfigure.enabled=true","ecs.version": "1.2.0","service.name":"opbeans-java","event.dataset":"opbeans-java","process.thread.name":"main","log.logger":"io.opentelemetry.api.GlobalOpenTelemetry"}
{"@timestamp":"2024-12-10T13:32:49.422Z","log.level": "WARN","message":"spring.jpa.open-in-view is enabled by default. Therefore, database queries may be performed during view rendering. Explicitly configure spring.jpa.open-in-view to disable this warning","ecs.version": "1.2.0","service.name":"opbeans-java","event.dataset":"opbeans-java","process.thread.name":"main","log.logger":"org.springframework.boot.autoconfigure.orm.jpa.JpaBaseConfiguration$JpaWebConfiguration"}
{"@timestamp":"2024-12-10T13:32:49.435Z","log.level": "INFO","message":"Adding welcome page: class path resource [public/index.html]","ecs.version": "1.2.0","service.name":"opbeans-java","event.dataset":"opbeans-java","process.thread.name":"main","log.logger":"org.springframework.boot.autoconfigure.web.servlet.WelcomePageHandlerMapping"}
{"@timestamp":"2024-12-10T13:32:49.600Z","log.level": "INFO","message":"H2 console available at '/h2'. Database available at 'jdbc:h2:mem:opbeans'","ecs.version": "1.2.0","service.name":"opbeans-java","event.dataset":"opbeans-java","process.thread.name":"main","log.logger":"org.springframework.boot.autoconfigure.h2.H2ConsoleAutoConfiguration"}
{"@timestamp":"2024-12-10T13:32:49.641Z","log.level": "INFO","message":"Initializing Spring TestDispatcherServlet ''","ecs.version": "1.2.0","service.name":"opbeans-java","event.dataset":"opbeans-java","process.thread.name":"main","log.logger":"org.springframework.boot.test.mock.web.SpringBootMockServletContext"}
{"@timestamp":"2024-12-10T13:32:49.641Z","log.level": "INFO","message":"Initializing Servlet ''","ecs.version": "1.2.0","service.name":"opbeans-java","event.dataset":"opbeans-java","process.thread.name":"main","log.logger":"org.springframework.test.web.servlet.TestDispatcherServlet"}
{"@timestamp":"2024-12-10T13:32:49.643Z","log.level": "INFO","message":"Completed initialization in 0 ms","ecs.version": "1.2.0","service.name":"opbeans-java","event.dataset":"opbeans-java","process.thread.name":"main","log.logger":"org.springframework.test.web.servlet.TestDispatcherServlet"}
{"@timestamp":"2024-12-10T13:32:49.663Z","log.level": "INFO","message":"Started OpbeansApplicationTests in 4.122 seconds (process running for 5.008)","ecs.version": "1.2.0","service.name":"opbeans-java","event.dataset":"opbeans-java","process.thread.name":"main","log.logger":"co.elastic.apm.opbeans.OpbeansApplicationTests"}

MockHttpServletRequest:
      HTTP Method = GET
      Request URI = /api/products
       Parameters = {}
          Headers = []
             Body = null
    Session Attrs = {}

Handler:
             Type = co.elastic.apm.opbeans.controllers.APIRestController
           Method = co.elastic.apm.opbeans.controllers.APIRestController#products()

Async:
    Async started = false
     Async result = null

Resolved Exception:
             Type = null

ModelAndView:
        View name = null
             View = null
            Model = null

FlashMap:
       Attributes = null

MockHttpServletResponse:
           Status = 200
    Error message = null
          Headers = [Content-Type:"application/json"]
     Content type = application/json
             Body = [{"name":"Brazil Verde, Italian Roast","type_name":"Dark Roast Coffee","id":1,"sku":"OP-DRC-C1","stock":80},{"name":"Jamaica Blue Mountain, Vienna Roast","type_name":"Medium Roast Coffee","id":2,"sku":"OP-MRC-C2","stock":0},{"name":"Colombian Supremo, Cinnamon Roast","type_name":"Light Roast Coffee","id":3,"sku":"OP-LRC-C3","stock":150},{"name":"Guatemala Antigua, New England Roast","type_name":"Light Roast Coffee","id":4,"sku":"OP-LRC-C4","stock":0},{"name":"Ethiopian Moka Java, Breakfast Roast","type_name":"Medium Roast Coffee","id":5,"sku":"OP-MRC-C5","stock":130},{"name":"European Royale, French Roast","type_name":"Dark Roast Coffee","id":6,"sku":"OP-DRC-C6","stock":70},{"name":"Hawaiian Kona, Medium Roast","type_name":"Medium Roast Coffee","id":7,"sku":"OP-MRC-C7","stock":60},{"name":"Papua New Guinea Arokara, Light City Roast","type_name":"Light Roast Coffee","id":8,"sku":"OP-LRC-C8","stock":90},{"name":"Bali Blue Moon, French Roast","type_name":"Dark Roast Coffee","id":9,"sku":"OP-DRC-C9","stock":70}]
    Forwarded URL = null
   Redirected URL = null
          Cookies = []
]]></system-out>
    <system-err><![CDATA[Mockito is currently self-attaching to enable the inline-mock-maker. This will no longer work in future releases of the JDK. Please add Mockito as an agent to your build what is described in Mockito's documentation: https://javadoc.io/doc/org.mockito/mockito-core/latest/org/mockito/Mockito.html#0.3
WARNING: A Java agent has been loaded dynamically (/home/tushar/.m2/repository/net/bytebuddy/byte-buddy-agent/1.15.10/byte-buddy-agent-1.15.10.jar)
WARNING: If a serviceability tool is in use, please run with -XX:+EnableDynamicAgentLoading to hide this warning
WARNING: If a serviceability tool is not in use, please run with -Djdk.instrument.traceUsage for more information
WARNING: Dynamic loading of agents will be disallowed by default in a future release
]]></system-err>
  </testcase>
</testsuite>